[     206ms] [INFO] %cDownload the React DevTools for a better development experience: https://react.dev/link/react-devtools font-weight:bold @ http://localhost:3000/_next/static/chunks/12ox_next_dist_0u5rn~.._.js:2431
[     238ms] [LOG] [HMR] connected @ http://localhost:3000/_next/static/chunks/12ox_next_dist_0u5rn~.._.js:2431
[     310ms] [WARNING] Supabase is not configured. Missing variables: @ http://localhost:3000/_next/static/chunks/12ox_next_dist_0u5rn~.._.js:2431
[     311ms] [WARNING] - NEXT_PUBLIC_SUPABASE_URL @ http://localhost:3000/_next/static/chunks/12ox_next_dist_0u5rn~.._.js:2431
[     311ms] [WARNING] - NEXT_PUBLIC_SUPABASE_ANON_KEY @ http://localhost:3000/_next/static/chunks/12ox_next_dist_0u5rn~.._.js:2431
[     467ms] [LOG] %c[Vercel Web Analytics]%c Debug mode is enabled by default in development. No requests will be sent to the server. color: rgb(120, 120, 120) color: inherit @ http://localhost:3000/_next/static/chunks/12ox_next_dist_0u5rn~.._.js:2431
[     467ms] [LOG] %c[Vercel Web Analytics]%c Running queued event color: rgb(120, 120, 120) color: inherit pageview {route: /guides/[slug], path: /guides/velocidad-de-lectura-y-comprension} @ http://localhost:3000/_next/static/chunks/12ox_next_dist_0u5rn~.._.js:2431
[     468ms] [LOG] %c[Vercel Web Analytics]%c [view] http://localhost:3000/guides/velocidad-de-lectura-y-comprension color: rgb(120, 120, 120) color: inherit {o: http://localhost:3000/guides/velocidad-de-lectura-y-comprension, sv: 0.1.3, sdkn: @vercel/analytics/next, sdkv: 2.0.1, ts: 1775246357900} /_vercel/insights/view @ http://localhost:3000/_next/static/chunks/12ox_next_dist_0u5rn~.._.js:2431
[ 1577277ms] [LOG] [Fast Refresh] rebuilding @ http://localhost:3000/_next/static/chunks/12ox_next_dist_0u5rn~.._.js:2431
[ 1577294ms] [LOG] [Fast Refresh] done in 119ms @ http://localhost:3000/_next/static/chunks/12ox_next_dist_0u5rn~.._.js:2431
[ 2216734ms] [LOG] [Fast Refresh] rebuilding @ http://localhost:3000/_next/static/chunks/12ox_next_dist_0u5rn~.._.js:2431
[ 2217769ms] [LOG] [Fast Refresh] done in 1133ms @ http://localhost:3000/_next/static/chunks/12ox_next_dist_0u5rn~.._.js:2431
[ 2217926ms] [LOG] [Fast Refresh] rebuilding @ http://localhost:3000/_next/static/chunks/12ox_next_dist_0u5rn~.._.js:2431
[ 2218693ms] [LOG] [Fast Refresh] done in 874ms @ http://localhost:3000/_next/static/chunks/12ox_next_dist_0u5rn~.._.js:2431
[ 2218799ms] [LOG] [Fast Refresh] rebuilding @ http://localhost:3000/_next/static/chunks/12ox_next_dist_0u5rn~.._.js:2431
[ 2218892ms] [LOG] [Fast Refresh] done in 194ms @ http://localhost:3000/_next/static/chunks/12ox_next_dist_0u5rn~.._.js:2431
[ 2219030ms] [LOG] [Fast Refresh] rebuilding @ http://localhost:3000/_next/static/chunks/12ox_next_dist_0u5rn~.._.js:2431
[ 2219089ms] [LOG] [Fast Refresh] done in 162ms @ http://localhost:3000/_next/static/chunks/12ox_next_dist_0u5rn~.._.js:2431
[ 2219201ms] [LOG] [Fast Refresh] rebuilding @ http://localhost:3000/_next/static/chunks/12ox_next_dist_0u5rn~.._.js:2431
[ 2219275ms] [LOG] [Fast Refresh] done in 179ms @ http://localhost:3000/_next/static/chunks/12ox_next_dist_0u5rn~.._.js:2431
[ 2219376ms] [LOG] [Fast Refresh] rebuilding @ http://localhost:3000/_next/static/chunks/12ox_next_dist_0u5rn~.._.js:2431
[ 2219423ms] [LOG] [Fast Refresh] done in 148ms @ http://localhost:3000/_next/static/chunks/12ox_next_dist_0u5rn~.._.js:2431
[ 2219613ms] [LOG] [Fast Refresh] rebuilding @ http://localhost:3000/_next/static/chunks/12ox_next_dist_0u5rn~.._.js:2431
[ 2219864ms] [LOG] [Fast Refresh] done in 354ms @ http://localhost:3000/_next/static/chunks/12ox_next_dist_0u5rn~.._.js:2431
[ 2219971ms] [LOG] [Fast Refresh] rebuilding @ http://localhost:3000/_next/static/chunks/12ox_next_dist_0u5rn~.._.js:2431
[ 2220256ms] [LOG] [Fast Refresh] done in 385ms @ http://localhost:3000/_next/static/chunks/12ox_next_dist_0u5rn~.._.js:2431
[ 2221381ms] [LOG] [Fast Refresh] rebuilding @ http://localhost:3000/_next/static/chunks/12ox_next_dist_0u5rn~.._.js:2431
[ 2221461ms] [LOG] [Fast Refresh] done in 182ms @ http://localhost:3000/_next/static/chunks/12ox_next_dist_0u5rn~.._.js:2431
