[     531ms] [INFO] %cDownload the React DevTools for a better development experience: https://react.dev/link/react-devtools font-weight:bold @ http://localhost:3000/_next/static/chunks/12ox_next_dist_0u5rn~.._.js:2431
[     664ms] [LOG] [HMR] connected @ http://localhost:3000/_next/static/chunks/12ox_next_dist_0u5rn~.._.js:2431
[     826ms] [WARNING] Supabase is not configured. Missing variables: @ http://localhost:3000/_next/static/chunks/12ox_next_dist_0u5rn~.._.js:2431
[     826ms] [WARNING] - NEXT_PUBLIC_SUPABASE_URL @ http://localhost:3000/_next/static/chunks/12ox_next_dist_0u5rn~.._.js:2431
[     826ms] [WARNING] - NEXT_PUBLIC_SUPABASE_ANON_KEY @ http://localhost:3000/_next/static/chunks/12ox_next_dist_0u5rn~.._.js:2431
[    1349ms] [LOG] %c[Vercel Web Analytics]%c Debug mode is enabled by default in development. No requests will be sent to the server. color: rgb(120, 120, 120) color: inherit @ http://localhost:3000/_next/static/chunks/12ox_next_dist_0u5rn~.._.js:2431
[    1349ms] [LOG] %c[Vercel Web Analytics]%c Running queued event color: rgb(120, 120, 120) color: inherit pageview {route: /guides/[slug], path: /guides/velocidad-de-lectura-y-comprension} @ http://localhost:3000/_next/static/chunks/12ox_next_dist_0u5rn~.._.js:2431
[    1351ms] [LOG] %c[Vercel Web Analytics]%c [view] http://localhost:3000/guides/velocidad-de-lectura-y-comprension color: rgb(120, 120, 120) color: inherit {o: http://localhost:3000/guides/velocidad-de-lectura-y-comprension, sv: 0.1.3, sdkn: @vercel/analytics/next, sdkv: 2.0.1, ts: 1775245977651} /_vercel/insights/view @ http://localhost:3000/_next/static/chunks/12ox_next_dist_0u5rn~.._.js:2431
[  242062ms] [LOG] [Fast Refresh] rebuilding @ http://localhost:3000/_next/static/chunks/12ox_next_dist_0u5rn~.._.js:2431
[  244223ms] [LOG] [Fast Refresh] done in 2269ms @ http://localhost:3000/_next/static/chunks/12ox_next_dist_0u5rn~.._.js:2431
[  244418ms] [LOG] [Fast Refresh] rebuilding @ http://localhost:3000/_next/static/chunks/12ox_next_dist_0u5rn~.._.js:2431
[  244703ms] [LOG] [Fast Refresh] done in 387ms @ http://localhost:3000/_next/static/chunks/12ox_next_dist_0u5rn~.._.js:2431
[  244810ms] [LOG] [Fast Refresh] rebuilding @ http://localhost:3000/_next/static/chunks/12ox_next_dist_0u5rn~.._.js:2431
[  245476ms] [LOG] [Fast Refresh] done in 773ms @ http://localhost:3000/_next/static/chunks/12ox_next_dist_0u5rn~.._.js:2431
[  246121ms] [INFO] %cDownload the React DevTools for a better development experience: https://react.dev/link/react-devtools font-weight:bold @ http://localhost:3000/_next/static/chunks/12ox_next_dist_0u5rn~.._.js:2431
[  246297ms] [LOG] [HMR] connected @ http://localhost:3000/_next/static/chunks/12ox_next_dist_0u5rn~.._.js:2431
[  246549ms] [LOG] [Fast Refresh] rebuilding @ http://localhost:3000/_next/static/chunks/12ox_next_dist_0u5rn~.._.js:2431
[  246559ms] [WARNING] Supabase is not configured. Missing variables: @ http://localhost:3000/_next/static/chunks/12ox_next_dist_0u5rn~.._.js:2431
[  246559ms] [WARNING] - NEXT_PUBLIC_SUPABASE_URL @ http://localhost:3000/_next/static/chunks/12ox_next_dist_0u5rn~.._.js:2431
[  246559ms] [WARNING] - NEXT_PUBLIC_SUPABASE_ANON_KEY @ http://localhost:3000/_next/static/chunks/12ox_next_dist_0u5rn~.._.js:2431
[  246603ms] [LOG] [Fast Refresh] done in 175ms @ http://localhost:3000/_next/static/chunks/12ox_next_dist_0u5rn~.._.js:2431
[  246678ms] [LOG] %c[Vercel Web Analytics]%c Debug mode is enabled by default in development. No requests will be sent to the server. color: rgb(120, 120, 120) color: inherit @ http://localhost:3000/_next/static/chunks/12ox_next_dist_0u5rn~.._.js:2431
[  246678ms] [LOG] %c[Vercel Web Analytics]%c Running queued event color: rgb(120, 120, 120) color: inherit pageview {route: /guides/[slug], path: /guides/velocidad-de-lectura-y-comprension} @ http://localhost:3000/_next/static/chunks/12ox_next_dist_0u5rn~.._.js:2431
[  246679ms] [LOG] %c[Vercel Web Analytics]%c [view] http://localhost:3000/guides/velocidad-de-lectura-y-comprension color: rgb(120, 120, 120) color: inherit {o: http://localhost:3000/guides/velocidad-de-lectura-y-comprension, sv: 0.1.3, sdkn: @vercel/analytics/next, sdkv: 2.0.1, ts: 1775246222979} /_vercel/insights/view @ http://localhost:3000/_next/static/chunks/12ox_next_dist_0u5rn~.._.js:2431
[  309400ms] [LOG] [Fast Refresh] rebuilding @ http://localhost:3000/_next/static/chunks/12ox_next_dist_0u5rn~.._.js:2431
[  309406ms] [LOG] [Fast Refresh] done in 110ms @ http://localhost:3000/_next/static/chunks/12ox_next_dist_0u5rn~.._.js:2431
