[     127ms] [LOG] [Fast Refresh] rebuilding @ http://localhost:3000/_next/static/chunks/12ox_next_dist_0u5rn~.._.js:2431
[     140ms] [LOG] [Fast Refresh] done in 116ms @ http://localhost:3000/_next/static/chunks/12ox_next_dist_0u5rn~.._.js:2431
[     285ms] [INFO] %cDownload the React DevTools for a better development experience: https://react.dev/link/react-devtools font-weight:bold @ http://localhost:3000/_next/static/chunks/12ox_next_dist_0u5rn~.._.js:2431
[     331ms] [LOG] [HMR] connected @ http://localhost:3000/_next/static/chunks/12ox_next_dist_0u5rn~.._.js:2431
[     371ms] [WARNING] Supabase is not configured. Missing variables: @ http://localhost:3000/_next/static/chunks/12ox_next_dist_0u5rn~.._.js:2431
[     371ms] [WARNING] - NEXT_PUBLIC_SUPABASE_URL @ http://localhost:3000/_next/static/chunks/12ox_next_dist_0u5rn~.._.js:2431
[     371ms] [WARNING] - NEXT_PUBLIC_SUPABASE_ANON_KEY @ http://localhost:3000/_next/static/chunks/12ox_next_dist_0u5rn~.._.js:2431
[     505ms] [LOG] %c[Vercel Web Analytics]%c Debug mode is enabled by default in development. No requests will be sent to the server. color: rgb(120, 120, 120) color: inherit @ http://localhost:3000/_next/static/chunks/12ox_next_dist_0u5rn~.._.js:2431
[     505ms] [LOG] %c[Vercel Web Analytics]%c Running queued event color: rgb(120, 120, 120) color: inherit pageview {route: /guides/[slug], path: /guides/reading-speed-for-real-documents} @ http://localhost:3000/_next/static/chunks/12ox_next_dist_0u5rn~.._.js:2431
[     506ms] [LOG] %c[Vercel Web Analytics]%c [view] http://localhost:3000/guides/reading-speed-for-real-documents color: rgb(120, 120, 120) color: inherit {o: http://localhost:3000/guides/reading-speed-for-real-documents, sv: 0.1.3, sdkn: @vercel/analytics/next, sdkv: 2.0.1, ts: 1775250422731} /_vercel/insights/view @ http://localhost:3000/_next/static/chunks/12ox_next_dist_0u5rn~.._.js:2431
[     619ms] [LOG] [Fast Refresh] rebuilding @ http://localhost:3000/_next/static/chunks/12ox_next_dist_0u5rn~.._.js:2431
[     671ms] [LOG] [Fast Refresh] done in 163ms @ http://localhost:3000/_next/static/chunks/12ox_next_dist_0u5rn~.._.js:2431
[  232855ms] [LOG] [Fast Refresh] rebuilding @ http://localhost:3000/_next/static/chunks/12ox_next_dist_0u5rn~.._.js:2431
[  234007ms] [LOG] [Fast Refresh] done in 1215ms @ http://localhost:3000/_next/static/chunks/12ox_next_dist_0u5rn~.._.js:2431
[  234144ms] [LOG] [Fast Refresh] rebuilding @ http://localhost:3000/_next/static/chunks/12ox_next_dist_0u5rn~.._.js:2431
[  234722ms] [LOG] [Fast Refresh] done in 689ms @ http://localhost:3000/_next/static/chunks/12ox_next_dist_0u5rn~.._.js:2431
[  234832ms] [LOG] [Fast Refresh] rebuilding @ http://localhost:3000/_next/static/chunks/12ox_next_dist_0u5rn~.._.js:2431
[  234848ms] [LOG] [Fast Refresh] done in 120ms @ http://localhost:3000/_next/static/chunks/12ox_next_dist_0u5rn~.._.js:2431
[  235034ms] [LOG] [Fast Refresh] rebuilding @ http://localhost:3000/_next/static/chunks/12ox_next_dist_0u5rn~.._.js:2431
[  235034ms] [LOG] [Fast Refresh] done in 134ms @ http://localhost:3000/_next/static/chunks/12ox_next_dist_0u5rn~.._.js:2431
[  306432ms] [LOG] [Fast Refresh] rebuilding @ http://localhost:3000/_next/static/chunks/12ox_next_dist_0u5rn~.._.js:2431
[  308067ms] [LOG] [Fast Refresh] done in 1722ms @ http://localhost:3000/_next/static/chunks/12ox_next_dist_0u5rn~.._.js:2431
[  308212ms] [LOG] [Fast Refresh] rebuilding @ http://localhost:3000/_next/static/chunks/12ox_next_dist_0u5rn~.._.js:2431
[  308426ms] [LOG] [Fast Refresh] done in 317ms @ http://localhost:3000/_next/static/chunks/12ox_next_dist_0u5rn~.._.js:2431
[  308569ms] [LOG] [Fast Refresh] rebuilding @ http://localhost:3000/_next/static/chunks/12ox_next_dist_0u5rn~.._.js:2431
[  308665ms] [LOG] [Fast Refresh] done in 197ms @ http://localhost:3000/_next/static/chunks/12ox_next_dist_0u5rn~.._.js:2431
[  321421ms] [LOG] [Fast Refresh] rebuilding @ http://localhost:3000/_next/static/chunks/12ox_next_dist_0u5rn~.._.js:2431
[  322951ms] [LOG] [Fast Refresh] done in 1575ms @ http://localhost:3000/_next/static/chunks/12ox_next_dist_0u5rn~.._.js:2431
