[      50ms] [ERROR] Failed to load resource: the server responded with a status of 500 (Internal Server Error) @ http://127.0.0.1:3000/:0
[     246ms] Error: ./src/components/layout/site-header.tsx:289:1
Unexpected token. Did you mean `{'}'}` or `&rbrace;`?
  287 |     </header>
  288 |   );
> 289 | }
      | ^
  290 |

Parsing ecmascript source code failed

Import traces:
  Client Component Browser:
    ./src/components/layout/site-header.tsx [Client Component Browser]
    ./src/components/layout/app-shell.tsx [Client Component Browser]
    ./src/app/page.tsx [Client Component Browser]
    ./src/app/page.tsx [Server Component]

  Client Component SSR:
    ./src/components/layout/site-header.tsx [Client Component SSR]
    ./src/components/layout/app-shell.tsx [Client Component SSR]
    ./src/app/page.tsx [Client Component SSR]
    ./src/app/page.tsx [Server Component]


    at <unknown> (Error: ./src/components/layout/site-header.tsx:289:1)
    at Object.getCompilationErrors (file://C:\Users\clerc\Documents\Lee Project\node_modules\.pnpm\next@16.2.1_@babel+core@7.2_8d0632a906b422b9098c792da52b36ad\node_modules\next\dist\server\dev\hot-reloader-turbopack.js:1189:59)
    at DevBundlerService.getCompilationError (file://C:\Users\clerc\Documents\Lee Project\node_modules\.pnpm\next@16.2.1_@babel+core@7.2_8d0632a906b422b9098c792da52b36ad\node_modules\next\dist\server\lib\dev-bundler-service.js:44:55)
    at DevServer.getCompilationError (file://C:\Users\clerc\Documents\Lee Project\node_modules\.pnpm\next@16.2.1_@babel+core@7.2_8d0632a906b422b9098c792da52b36ad\node_modules\next\dist\server\dev\next-dev-server.js:719:42)
    at DevServer.findPageComponents (file://C:\Users\clerc\Documents\Lee Project\node_modules\.pnpm\next@16.2.1_@babel+core@7.2_8d0632a906b422b9098c792da52b36ad\node_modules\next\dist\server\dev\next-dev-server.js:689:43)
    at async DevServer.renderErrorToResponseImpl (file://C:\Users\clerc\Documents\Lee Project\node_modules\.pnpm\next@16.2.1_@babel+core@7.2_8d0632a906b422b9098c792da52b36ad\node_modules\next\dist\server\base-server.js:1745:26)
[     241ms] [ERROR] ./src/components/layout/site-header.tsx:289:1
Unexpected token. Did you mean `{'}'}` or `&rbrace;`?
  287 |     </header>
  288 |   );
> 289 | }
      | ^
  290 |

Parsing ecmascript source code failed

Import traces:
  Client Component Browser:
    ./src/components/layout/site-header.tsx [Client Component Browser]
    ./src/components/layout/app-shell.tsx [Client Component Browser]
    ./src/app/page.tsx [Client Component Browser]
    ./src/app/page.tsx [Server Component]

  Client Component SSR:
    ./src/components/layout/site-header.tsx [Client Component SSR]
    ./src/components/layout/app-shell.tsx [Client Component SSR]
    ./src/app/page.tsx [Client Component SSR]
    ./src/app/page.tsx [Server Component] @ http://127.0.0.1:3000/_next/static/chunks/12ox_next_dist_11i3h4x._.js:1945
[     242ms] [ERROR] ./src/components/layout/site-header.tsx:289:1
Unexpected token. Did you mean `{'}'}` or `&rbrace;`?
  287 |     </header>
  288 |   );
> 289 | }
      | ^
  290 |

Parsing ecmascript source code failed

Import traces:
  Client Component Browser:
    ./src/components/layout/site-header.tsx [Client Component Browser]
    ./src/components/layout/app-shell.tsx [Client Component Browser]
    ./src/components/layout/app-shell.tsx [Server Component]
    ./src/app/library/page.tsx [Server Component]

  Client Component SSR:
    ./src/components/layout/site-header.tsx [Client Component SSR]
    ./src/components/layout/app-shell.tsx [Client Component SSR]
    ./src/components/layout/app-shell.tsx [Server Component]
    ./src/app/library/page.tsx [Server Component] @ http://127.0.0.1:3000/_next/static/chunks/12ox_next_dist_11i3h4x._.js:1945
[     242ms] [ERROR] ./src/components/layout/site-header.tsx:289:1
Unexpected token. Did you mean `{'}'}` or `&rbrace;`?
  287 |     </header>
  288 |   );
> 289 | }
      | ^
  290 |

Parsing ecmascript source code failed

Import traces:
  Client Component Browser:
    ./src/components/layout/site-header.tsx [Client Component Browser]
    ./src/components/layout/app-shell.tsx [Client Component Browser]
    ./src/components/layout/app-shell.tsx [Server Component]
    ./src/app/reader/page.tsx [Server Component]

  Client Component SSR:
    ./src/components/layout/site-header.tsx [Client Component SSR]
    ./src/components/layout/app-shell.tsx [Client Component SSR]
    ./src/components/layout/app-shell.tsx [Server Component]
    ./src/app/reader/page.tsx [Server Component] @ http://127.0.0.1:3000/_next/static/chunks/12ox_next_dist_11i3h4x._.js:1945
[     242ms] [ERROR] ./src/components/layout/site-header.tsx:289:1
Unexpected token. Did you mean `{'}'}` or `&rbrace;`?
  287 |     </header>
  288 |   );
> 289 | }
      | ^
  290 |

Parsing ecmascript source code failed

Import traces:
  Client Component Browser:
    ./src/components/layout/site-header.tsx [Client Component Browser]
    ./src/components/layout/app-shell.tsx [Client Component Browser]
    ./src/components/layout/app-shell.tsx [Server Component]
    ./src/app/account/page.tsx [Server Component]

  Client Component SSR:
    ./src/components/layout/site-header.tsx [Client Component SSR]
    ./src/components/layout/app-shell.tsx [Client Component SSR]
    ./src/components/layout/app-shell.tsx [Server Component]
    ./src/app/account/page.tsx [Server Component] @ http://127.0.0.1:3000/_next/static/chunks/12ox_next_dist_11i3h4x._.js:1945
[     284ms] [ERROR] ./src/components/layout/site-header.tsx:289:1
Unexpected token. Did you mean `{'}'}` or `&rbrace;`?
  287 |     </header>
  288 |   );
> 289 | }
      | ^
  290 |

Parsing ecmascript source code failed

Import traces:
  Client Component Browser:
    ./src/components/layout/site-header.tsx [Client Component Browser]
    ./src/components/layout/app-shell.tsx [Client Component Browser]
    ./src/app/page.tsx [Client Component Browser]
    ./src/app/page.tsx [Server Component]

  Client Component SSR:
    ./src/components/layout/site-header.tsx [Client Component SSR]
    ./src/components/layout/app-shell.tsx [Client Component SSR]
    ./src/app/page.tsx [Client Component SSR]
    ./src/app/page.tsx [Server Component] @ http://127.0.0.1:3000/_next/static/chunks/12ox_next_dist_11i3h4x._.js:1945
